System.Net.WebException: Error getting response stream (ReadDone2): ReceiveFailure ---> System.Exception:    at System.Net.WebConnection.HandleError(WebExceptionStatus st, System.Exception e, System.String where)
   at System.Net.WebConnection.ReadDone(IAsyncResult result)
   at System.Net.Sockets.Socket+SocketAsyncResult.Complete()
   at System.Net.Sockets.Socket+Worker.Receive()
   at System.MulticastDelegate.invoke_void()
  at System.Net.WebConnection.HandleError (WebExceptionStatus st, System.Exception e, System.String where) [0x00000] --- End of inner exception stack trace ---

  at System.Net.HttpWebRequest.EndGetResponse (IAsyncResult asyncResult) [0x00000] 
  at System.Net.HttpWebRequest.GetResponse () [0x00000] 
  at www.Google.Search () [0x00000] 
  at www.Google..ctor (System.String Text, Int32 Count, Core.Kernel.Response r) [0x00000] 
  at www.WwwHandler.Handle () [0x00000] 
  at www.WwwHandler..ctor (Core.Kernel.Response r, System.String Name) [0x00000] 
  at Plugin.Main.PerformAction (IPluginData d) [0x00000] 
  at Core.Kernel.CommandHandler._Handle () [0x00000] System.IO.DirectoryNotFoundException: Could not find a part of the path "/home/bbodio/Desktop/pako/trunk/mono/home/bbodio/Desktop/gg.txt".
  at System.IO.FileStream..ctor (System.String path, FileMode mode, FileAccess access, FileShare share, Int32 bufferSize, Boolean anonymous, FileOptions options) [0x00000] 
  at System.IO.FileStream..ctor (System.String path, FileMode mode, FileAccess access, FileShare share) [0x00000] 
  at (wrapper remoting-invoke-with-check) System.IO.FileStream:.ctor (string,System.IO.FileMode,System.IO.FileAccess,System.IO.FileShare)
  at System.IO.File.Open (System.String path, FileMode mode) [0x00000] 
  at www.Google.Search () [0x00000] 
  at www.Google..ctor (System.String Text, Int32 Count, Core.Kernel.Response r) [0x00000] 
  at www.WwwHandler.Handle () [0x00000] 
  at www.WwwHandler..ctor (Core.Kernel.Response r, System.String Name) [0x00000] 
  at Plugin.Main.PerformAction (IPluginData d) [0x00000] 
  at Core.Kernel.CommandHandler._Handle () [0x00000] System.IO.DirectoryNotFoundException: Could not find a part of the path "/home/bbodio/Desktop/pako/trunk/mono/home/bbodio/Desktop/gg.txt".
  at System.IO.FileStream..ctor (System.String path, FileMode mode, FileAccess access, FileShare share, Int32 bufferSize, Boolean anonymous, FileOptions options) [0x00000] 
  at System.IO.FileStream..ctor (System.String path, FileMode mode, FileAccess access, FileShare share) [0x00000] 
  at (wrapper remoting-invoke-with-check) System.IO.FileStream:.ctor (string,System.IO.FileMode,System.IO.FileAccess,System.IO.FileShare)
  at System.IO.File.Open (System.String path, FileMode mode) [0x00000] 
  at www.Google.Search () [0x00000] 
  at www.Google..ctor (System.String Text, Int32 Count, Core.Kernel.Response r) [0x00000] 
  at www.WwwHandler.Handle () [0x00000] 
  at www.WwwHandler..ctor (Core.Kernel.Response r, System.String Name) [0x00000] 
  at Plugin.Main.PerformAction (IPluginData d) [0x00000] 
  at Core.Kernel.CommandHandler._Handle () [0x00000] System.IO.DirectoryNotFoundException: Could not find a part of the path "/home/bbodio/Desktop/pako/trunk/mono/home/bbodio/Desktop/gg.txt".
  at System.IO.FileStream..ctor (System.String path, FileMode mode, FileAccess access, FileShare share, Int32 bufferSize, Boolean anonymous, FileOptions options) [0x00000] 
  at System.IO.FileStream..ctor (System.String path, FileMode mode, FileAccess access, FileShare share) [0x00000] 
  at (wrapper remoting-invoke-with-check) System.IO.FileStream:.ctor (string,System.IO.FileMode,System.IO.FileAccess,System.IO.FileShare)
  at System.IO.File.Open (System.String path, FileMode mode) [0x00000] 
  at www.Google.Search () [0x00000] 
  at www.Google..ctor (System.String Text, Int32 Count, Core.Kernel.Response r) [0x00000] 
  at www.WwwHandler.Handle () [0x00000] 
  at www.WwwHandler..ctor (Core.Kernel.Response r, System.String Name) [0x00000] 
  at Plugin.Main.PerformAction (IPluginData d) [0x00000] 
  at Core.Kernel.CommandHandler._Handle () [0x00000] System.ArgumentOutOfRangeException: Argument is out of range.
Parameter name: i
  at System.Text.RegularExpressions.MatchCollection.get_Item (Int32 i) [0x00000] 
  at www.Google.Search () [0x00000] 
  at www.Google..ctor (System.String Text, Int32 Count, Core.Kernel.Response r) [0x00000] 
  at www.WwwHandler.Handle () [0x00000] 
  at www.WwwHandler..ctor (Core.Kernel.Response r, System.String Name) [0x00000] 
  at Plugin.Main.PerformAction (IPluginData d) [0x00000] 
  at Core.Kernel.CommandHandler._Handle () [0x00000] System.ArgumentOutOfRangeException: Argument is out of range.
Parameter name: i
  at System.Text.RegularExpressions.MatchCollection.get_Item (Int32 i) [0x00000] 
  at www.Google.Search () [0x00000] 
  at www.Google..ctor (System.String Text, Int32 Count, Core.Kernel.Response r) [0x00000] 
  at www.WwwHandler.Handle () [0x00000] 
  at www.WwwHandler..ctor (Core.Kernel.Response r, System.String Name) [0x00000] 
  at Plugin.Main.PerformAction (IPluginData d) [0x00000] 
  at Core.Kernel.CommandHandler._Handle () [0x00000] System.ArgumentOutOfRangeException: Argument is out of range.
Parameter name: i
  at System.Text.RegularExpressions.MatchCollection.get_Item (Int32 i) [0x00000] 
  at www.Google.Search () [0x00000] 
  at www.Google..ctor (System.String Text, Int32 Count, Core.Kernel.Response r) [0x00000] 
  at www.WwwHandler.Handle () [0x00000] 
  at www.WwwHandler..ctor (Core.Kernel.Response r, System.String Name) [0x00000] 
  at Plugin.Main.PerformAction (IPluginData d) [0x00000] 
  at Core.Kernel.CommandHandler._Handle () [0x00000] System.ArgumentOutOfRangeException: Argument is out of range.
Parameter name: i
  at System.Text.RegularExpressions.MatchCollection.get_Item (Int32 i) [0x00000] 
  at www.Google.Search () [0x00000] 
  at www.Google..ctor (System.String Text, Int32 Count, Core.Kernel.Response r) [0x00000] 
  at www.WwwHandler.Handle () [0x00000] 
  at www.WwwHandler..ctor (Core.Kernel.Response r, System.String Name) [0x00000] 
  at Plugin.Main.PerformAction (IPluginData d) [0x00000] 
  at Core.Kernel.CommandHandler._Handle () [0x00000] 